# Logfile created on 2014-01-13 22:15:18 -0800 by logger.rb/44203
I, [2014-01-13T22:15:18.242877 #8414]  INFO -- : 0:  mime-types (2.0) from /home/jet/.rvm/gems/ruby-2.1.0@Rails_4.0.2/specifications/mime-types-2.0.gemspec
I, [2014-01-13T22:15:18.644204 #8414]  INFO -- : 0:  mini_portile (0.5.2) from /home/jet/.rvm/gems/ruby-2.1.0@Rails_4.0.2/specifications/mini_portile-0.5.2.gemspec
I, [2014-01-13T22:17:07.842682 #8414]  INFO -- : 0:  nokogiri (1.6.1) from /home/jet/.rvm/gems/ruby-2.1.0@Rails_4.0.2/specifications/nokogiri-1.6.1.gemspec
I, [2014-01-13T22:17:07.843209 #8414]  INFO -- : 0:  rack (1.5.2) from /home/jet/.rvm/gems/ruby-2.1.0@Rails_4.0.2/specifications/rack-1.5.2.gemspec
I, [2014-01-13T22:17:07.843595 #8414]  INFO -- : 0:  rack-test (0.6.2) from /home/jet/.rvm/gems/ruby-2.1.0@Rails_4.0.2/specifications/rack-test-0.6.2.gemspec
I, [2014-01-13T22:17:08.199636 #8414]  INFO -- : 0:  xpath (2.0.0) from /home/jet/.rvm/gems/ruby-2.1.0@Rails_4.0.2/specifications/xpath-2.0.0.gemspec
I, [2014-01-13T22:17:08.801570 #8414]  INFO -- : 0:  capybara (2.2.1) from /home/jet/.rvm/gems/ruby-2.1.0@Rails_4.0.2/specifications/capybara-2.2.1.gemspec
I, [2014-01-13T22:17:09.172859 #8414]  INFO -- : 0:  cliver (0.3.2) from /home/jet/.rvm/gems/ruby-2.1.0@Rails_4.0.2/specifications/cliver-0.3.2.gemspec
I, [2014-01-13T22:17:09.173212 #8414]  INFO -- : 0:  multi_json (1.8.4) from /home/jet/.rvm/gems/ruby-2.1.0@Rails_4.0.2/specifications/multi_json-1.8.4.gemspec
I, [2014-01-13T22:17:09.692578 #8414]  INFO -- : 0:  websocket-driver (0.3.2) from /home/jet/.rvm/gems/ruby-2.1.0@Rails_4.0.2/specifications/websocket-driver-0.3.2.gemspec
I, [2014-01-13T22:17:09.783311 #8414]  INFO -- : 0:  poltergeist (1.5.0) from /home/jet/.rvm/gems/ruby-2.1.0@Rails_4.0.2/bundler/gems/poltergeist-09c6570dea38/poltergeist.gemspec
I, [2014-01-13T22:17:09.783897 #8414]  INFO -- : 0:  bundler (1.5.0) from /home/jet/.rvm/gems/ruby-2.1.0@global/specifications/bundler-1.5.0.gemspec
I, [2014-01-14T05:45:22.836263 #4895]  INFO -- : 0:  rake (10.1.1) from /home/jet/.rvm/gems/ruby-2.1.0/specifications/rake-10.1.1.gemspec
I, [2014-01-14T05:45:23.658881 #4895]  INFO -- : 0:  mime-types (2.0) from /home/jet/.rvm/gems/ruby-2.1.0/specifications/mime-types-2.0.gemspec
I, [2014-01-14T05:45:23.933128 #4895]  INFO -- : 0:  mini_portile (0.5.2) from /home/jet/.rvm/gems/ruby-2.1.0/specifications/mini_portile-0.5.2.gemspec
E, [2014-01-14T05:45:30.890505 #4895] ERROR -- : SystemExit: exit
/home/jet/.rvm/gems/ruby-2.1.0@global/gems/bundler-1.5.0/bin/bundle:4:in `exit'  \n/home/jet/.rvm/gems/ruby-2.1.0@global/gems/bundler-1.5.0/bin/bundle:4:in `block in <top (required)>'  \n/home/jet/.rvm/rubies/ruby-2.1.0/lib/ruby/site_ruby/2.1.0/rubygems/ext/builder.rb:73:in `call'  \n/home/jet/.rvm/rubies/ruby-2.1.0/lib/ruby/site_ruby/2.1.0/rubygems/ext/builder.rb:73:in ``'  \n/home/jet/.rvm/rubies/ruby-2.1.0/lib/ruby/site_ruby/2.1.0/rubygems/ext/builder.rb:73:in `run'  \n/home/jet/.rvm/rubies/ruby-2.1.0/lib/ruby/site_ruby/2.1.0/rubygems/ext/ext_conf_builder.rb:37:in `block in build'  \n/home/jet/.rvm/rubies/ruby-2.1.0/lib/ruby/2.1.0/tempfile.rb:324:in `open'  \n/home/jet/.rvm/rubies/ruby-2.1.0/lib/ruby/site_ruby/2.1.0/rubygems/ext/ext_conf_builder.rb:17:in `build'  \n/home/jet/.rvm/rubies/ruby-2.1.0/lib/ruby/site_ruby/2.1.0/rubygems/ext/builder.rb:161:in `block (2 levels) in build_extension'  \n/home/jet/.rvm/rubies/ruby-2.1.0/lib/ruby/site_ruby/2.1.0/rubygems/ext/builder.rb:160:in `chdir'  \n/home/jet/.rvm/rubies/ruby-2.1.0/lib/ruby/site_ruby/2.1.0/rubygems/ext/builder.rb:160:in `block in build_extension'  \n/home/jet/.rvm/rubies/ruby-2.1.0/lib/ruby/site_ruby/2.1.0/rubygems/ext/builder.rb:159:in `synchronize'  \n/home/jet/.rvm/rubies/ruby-2.1.0/lib/ruby/site_ruby/2.1.0/rubygems/ext/builder.rb:159:in `build_extension'  \n/home/jet/.rvm/rubies/ruby-2.1.0/lib/ruby/site_ruby/2.1.0/rubygems/ext/builder.rb:198:in `block in build_extensions'  \n/home/jet/.rvm/rubies/ruby-2.1.0/lib/ruby/site_ruby/2.1.0/rubygems/ext/builder.rb:195:in `each'  \n/home/jet/.rvm/rubies/ruby-2.1.0/lib/ruby/site_ruby/2.1.0/rubygems/ext/builder.rb:195:in `build_extensions'  \n/home/jet/.rvm/rubies/ruby-2.1.0/lib/ruby/site_ruby/2.1.0/rubygems/installer.rb:677:in `build_extensions'  \n/home/jet/.rvm/rubies/ruby-2.1.0/lib/ruby/site_ruby/2.1.0/rubygems/installer.rb:232:in `install'  \n/home/jet/.rvm/gems/ruby-2.1.0@global/gems/bundler-1.5.0/lib/bundler/source/rubygems.rb:101:in `block in install'  \n/home/jet/.rvm/gems/ruby-2.1.0@global/gems/bundler-1.5.0/lib/bundler/rubygems_integration.rb:118:in `preserve_paths'  \n/home/jet/.rvm/gems/ruby-2.1.0@global/gems/bundler-1.5.0/lib/bundler/source/rubygems.rb:94:in `install'  \n/home/jet/.rvm/gems/ruby-2.1.0@global/gems/bundler-1.5.0/lib/bundler/installer.rb:111:in `block in install_gem_from_spec'  \n/home/jet/.rvm/gems/ruby-2.1.0@global/gems/bundler-1.5.0/lib/bundler/rubygems_integration.rb:150:in `with_build_args'  \n/home/jet/.rvm/gems/ruby-2.1.0@global/gems/bundler-1.5.0/lib/bundler/installer.rb:110:in `install_gem_from_spec'  \n/home/jet/.rvm/gems/ruby-2.1.0@global/gems/bundler-1.5.0/lib/bundler/installer.rb:295:in `block in install_sequentially'  \n/home/jet/.rvm/rubies/ruby-2.1.0/lib/ruby/2.1.0/forwardable.rb:183:in `each'  \n/home/jet/.rvm/rubies/ruby-2.1.0/lib/ruby/2.1.0/forwardable.rb:183:in `each'  \n/home/jet/.rvm/gems/ruby-2.1.0@global/gems/bundler-1.5.0/lib/bundler/installer.rb:294:in `install_sequentially'  \n/home/jet/.rvm/gems/ruby-2.1.0@global/gems/bundler-1.5.0/lib/bundler/installer.rb:97:in `run'  \n/home/jet/.rvm/gems/ruby-2.1.0@global/gems/bundler-1.5.0/lib/bundler/installer.rb:15:in `install'  \n/home/jet/.rvm/gems/ruby-2.1.0@global/gems/bundler-1.5.0/lib/bundler/cli.rb:257:in `install'  \n/home/jet/.rvm/gems/ruby-2.1.0@global/gems/bundler-1.5.0/lib/bundler/vendor/thor/command.rb:27:in `run'  \n/home/jet/.rvm/gems/ruby-2.1.0@global/gems/bundler-1.5.0/lib/bundler/vendor/thor/invocation.rb:120:in `invoke_command'  \n/home/jet/.rvm/gems/ruby-2.1.0@global/gems/bundler-1.5.0/lib/bundler/vendor/thor.rb:363:in `dispatch'  \n/home/jet/.rvm/gems/ruby-2.1.0@global/gems/bundler-1.5.0/lib/bundler/vendor/thor/base.rb:438:in `start'  \n/home/jet/.rvm/gems/ruby-2.1.0@global/gems/bundler-1.5.0/lib/bundler/cli.rb:10:in `start'  \n/home/jet/.rvm/gems/ruby-2.1.0@global/gems/bundler-1.5.0/bin/bundle:22:in `block in <top (required)>'  \n/home/jet/.rvm/gems/ruby-2.1.0@global/gems/bundler-1.5.0/lib/bundler/friendly_errors.rb:5:in `with_friendly_errors'  \n/home/jet/.rvm/gems/ruby-2.1.0@global/gems/bundler-1.5.0/bin/bundle:22:in `<top (required)>'  \n/home/jet/.rvm/gems/ruby-2.1.0@global/bin/bundle:23:in `load'  \n/home/jet/.rvm/gems/ruby-2.1.0@global/bin/bundle:23:in `<main>'  \n/home/jet/.rvm/gems/ruby-2.1.0@global/bin/ruby_executable_hooks:15:in `eval'  \n/home/jet/.rvm/gems/ruby-2.1.0@global/bin/ruby_executable_hooks:15:in `<main>'
I, [2014-01-14T05:46:41.824843 #5479]  INFO -- : 0:  rake (10.1.1) from /home/jet/.rvm/gems/ruby-2.1.0@Rails_4.0.2/specifications/rake-10.1.1.gemspec
I, [2014-01-14T05:46:41.825256 #5479]  INFO -- : 0:  mime-types (2.0) from /home/jet/.rvm/gems/ruby-2.1.0@Rails_4.0.2/specifications/mime-types-2.0.gemspec
I, [2014-01-14T05:46:41.825524 #5479]  INFO -- : 0:  mini_portile (0.5.2) from /home/jet/.rvm/gems/ruby-2.1.0@Rails_4.0.2/specifications/mini_portile-0.5.2.gemspec
I, [2014-01-14T05:46:41.825849 #5479]  INFO -- : 0:  nokogiri (1.6.1) from /home/jet/.rvm/gems/ruby-2.1.0@Rails_4.0.2/specifications/nokogiri-1.6.1.gemspec
I, [2014-01-14T05:46:41.826149 #5479]  INFO -- : 0:  rack (1.5.2) from /home/jet/.rvm/gems/ruby-2.1.0@Rails_4.0.2/specifications/rack-1.5.2.gemspec
I, [2014-01-14T05:46:41.826452 #5479]  INFO -- : 0:  rack-test (0.6.2) from /home/jet/.rvm/gems/ruby-2.1.0@Rails_4.0.2/specifications/rack-test-0.6.2.gemspec
I, [2014-01-14T05:46:41.826743 #5479]  INFO -- : 0:  xpath (2.0.0) from /home/jet/.rvm/gems/ruby-2.1.0@Rails_4.0.2/specifications/xpath-2.0.0.gemspec
I, [2014-01-14T05:46:41.827047 #5479]  INFO -- : 0:  capybara (2.2.1) from /home/jet/.rvm/gems/ruby-2.1.0@Rails_4.0.2/specifications/capybara-2.2.1.gemspec
I, [2014-01-14T05:46:41.827347 #5479]  INFO -- : 0:  cliver (0.3.2) from /home/jet/.rvm/gems/ruby-2.1.0@Rails_4.0.2/specifications/cliver-0.3.2.gemspec
I, [2014-01-14T05:46:41.827653 #5479]  INFO -- : 0:  multi_json (1.8.4) from /home/jet/.rvm/gems/ruby-2.1.0@Rails_4.0.2/specifications/multi_json-1.8.4.gemspec
I, [2014-01-14T05:46:41.827954 #5479]  INFO -- : 0:  websocket-driver (0.3.2) from /home/jet/.rvm/gems/ruby-2.1.0@Rails_4.0.2/specifications/websocket-driver-0.3.2.gemspec
I, [2014-01-14T05:46:41.991850 #5479]  INFO -- : 0:  poltergeist (1.5.0) from /home/jet/.rvm/gems/ruby-2.1.0@Rails_4.0.2/bundler/gems/poltergeist-09c6570dea38/poltergeist.gemspec
I, [2014-01-14T05:46:41.992230 #5479]  INFO -- : 0:  bundler (1.5.0) from /home/jet/.rvm/gems/ruby-2.1.0@global/specifications/bundler-1.5.0.gemspec
I, [2014-01-14T09:21:20.590754 #6301]  INFO -- : 0:  rake (10.1.1) from /home/jet/.rvm/gems/ruby-2.1.0/specifications/rake-10.1.1.gemspec
I, [2014-01-14T09:21:21.771287 #6301]  INFO -- : 0:  addressable (2.3.5) from /home/jet/.rvm/gems/ruby-2.1.0/specifications/addressable-2.3.5.gemspec
I, [2014-01-14T09:21:21.771851 #6301]  INFO -- : 0:  mime-types (2.0) from /home/jet/.rvm/gems/ruby-2.1.0/specifications/mime-types-2.0.gemspec
I, [2014-01-14T09:21:21.772321 #6301]  INFO -- : 0:  mini_portile (0.5.2) from /home/jet/.rvm/gems/ruby-2.1.0/specifications/mini_portile-0.5.2.gemspec
E, [2014-01-14T09:21:35.645085 #6301] ERROR -- : SystemExit: exit
/home/jet/.rvm/gems/ruby-2.1.0@global/gems/bundler-1.5.0/bin/bundle:4:in `exit'  \n/home/jet/.rvm/gems/ruby-2.1.0@global/gems/bundler-1.5.0/bin/bundle:4:in `block in <top (required)>'  \n/home/jet/.rvm/rubies/ruby-2.1.0/lib/ruby/site_ruby/2.1.0/rubygems/ext/builder.rb:73:in `call'  \n/home/jet/.rvm/rubies/ruby-2.1.0/lib/ruby/site_ruby/2.1.0/rubygems/ext/builder.rb:73:in ``'  \n/home/jet/.rvm/rubies/ruby-2.1.0/lib/ruby/site_ruby/2.1.0/rubygems/ext/builder.rb:73:in `run'  \n/home/jet/.rvm/rubies/ruby-2.1.0/lib/ruby/site_ruby/2.1.0/rubygems/ext/ext_conf_builder.rb:37:in `block in build'  \n/home/jet/.rvm/rubies/ruby-2.1.0/lib/ruby/2.1.0/tempfile.rb:324:in `open'  \n/home/jet/.rvm/rubies/ruby-2.1.0/lib/ruby/site_ruby/2.1.0/rubygems/ext/ext_conf_builder.rb:17:in `build'  \n/home/jet/.rvm/rubies/ruby-2.1.0/lib/ruby/site_ruby/2.1.0/rubygems/ext/builder.rb:161:in `block (2 levels) in build_extension'  \n/home/jet/.rvm/rubies/ruby-2.1.0/lib/ruby/site_ruby/2.1.0/rubygems/ext/builder.rb:160:in `chdir'  \n/home/jet/.rvm/rubies/ruby-2.1.0/lib/ruby/site_ruby/2.1.0/rubygems/ext/builder.rb:160:in `block in build_extension'  \n/home/jet/.rvm/rubies/ruby-2.1.0/lib/ruby/site_ruby/2.1.0/rubygems/ext/builder.rb:159:in `synchronize'  \n/home/jet/.rvm/rubies/ruby-2.1.0/lib/ruby/site_ruby/2.1.0/rubygems/ext/builder.rb:159:in `build_extension'  \n/home/jet/.rvm/rubies/ruby-2.1.0/lib/ruby/site_ruby/2.1.0/rubygems/ext/builder.rb:198:in `block in build_extensions'  \n/home/jet/.rvm/rubies/ruby-2.1.0/lib/ruby/site_ruby/2.1.0/rubygems/ext/builder.rb:195:in `each'  \n/home/jet/.rvm/rubies/ruby-2.1.0/lib/ruby/site_ruby/2.1.0/rubygems/ext/builder.rb:195:in `build_extensions'  \n/home/jet/.rvm/rubies/ruby-2.1.0/lib/ruby/site_ruby/2.1.0/rubygems/installer.rb:677:in `build_extensions'  \n/home/jet/.rvm/rubies/ruby-2.1.0/lib/ruby/site_ruby/2.1.0/rubygems/installer.rb:232:in `install'  \n/home/jet/.rvm/gems/ruby-2.1.0@global/gems/bundler-1.5.0/lib/bundler/source/rubygems.rb:101:in `block in install'  \n/home/jet/.rvm/gems/ruby-2.1.0@global/gems/bundler-1.5.0/lib/bundler/rubygems_integration.rb:118:in `preserve_paths'  \n/home/jet/.rvm/gems/ruby-2.1.0@global/gems/bundler-1.5.0/lib/bundler/source/rubygems.rb:94:in `install'  \n/home/jet/.rvm/gems/ruby-2.1.0@global/gems/bundler-1.5.0/lib/bundler/installer.rb:111:in `block in install_gem_from_spec'  \n/home/jet/.rvm/gems/ruby-2.1.0@global/gems/bundler-1.5.0/lib/bundler/rubygems_integration.rb:150:in `with_build_args'  \n/home/jet/.rvm/gems/ruby-2.1.0@global/gems/bundler-1.5.0/lib/bundler/installer.rb:110:in `install_gem_from_spec'  \n/home/jet/.rvm/gems/ruby-2.1.0@global/gems/bundler-1.5.0/lib/bundler/installer.rb:295:in `block in install_sequentially'  \n/home/jet/.rvm/rubies/ruby-2.1.0/lib/ruby/2.1.0/forwardable.rb:183:in `each'  \n/home/jet/.rvm/rubies/ruby-2.1.0/lib/ruby/2.1.0/forwardable.rb:183:in `each'  \n/home/jet/.rvm/gems/ruby-2.1.0@global/gems/bundler-1.5.0/lib/bundler/installer.rb:294:in `install_sequentially'  \n/home/jet/.rvm/gems/ruby-2.1.0@global/gems/bundler-1.5.0/lib/bundler/installer.rb:97:in `run'  \n/home/jet/.rvm/gems/ruby-2.1.0@global/gems/bundler-1.5.0/lib/bundler/installer.rb:15:in `install'  \n/home/jet/.rvm/gems/ruby-2.1.0@global/gems/bundler-1.5.0/lib/bundler/cli.rb:257:in `install'  \n/home/jet/.rvm/gems/ruby-2.1.0@global/gems/bundler-1.5.0/lib/bundler/vendor/thor/command.rb:27:in `run'  \n/home/jet/.rvm/gems/ruby-2.1.0@global/gems/bundler-1.5.0/lib/bundler/vendor/thor/invocation.rb:120:in `invoke_command'  \n/home/jet/.rvm/gems/ruby-2.1.0@global/gems/bundler-1.5.0/lib/bundler/vendor/thor.rb:363:in `dispatch'  \n/home/jet/.rvm/gems/ruby-2.1.0@global/gems/bundler-1.5.0/lib/bundler/vendor/thor/base.rb:438:in `start'  \n/home/jet/.rvm/gems/ruby-2.1.0@global/gems/bundler-1.5.0/lib/bundler/cli.rb:10:in `start'  \n/home/jet/.rvm/gems/ruby-2.1.0@global/gems/bundler-1.5.0/bin/bundle:22:in `block in <top (required)>'  \n/home/jet/.rvm/gems/ruby-2.1.0@global/gems/bundler-1.5.0/lib/bundler/friendly_errors.rb:5:in `with_friendly_errors'  \n/home/jet/.rvm/gems/ruby-2.1.0@global/gems/bundler-1.5.0/bin/bundle:22:in `<top (required)>'  \n/home/jet/.rvm/gems/ruby-2.1.0@global/bin/bundle:23:in `load'  \n/home/jet/.rvm/gems/ruby-2.1.0@global/bin/bundle:23:in `<main>'  \n/home/jet/.rvm/gems/ruby-2.1.0/bin/ruby_executable_hooks:15:in `eval'  \n/home/jet/.rvm/gems/ruby-2.1.0/bin/ruby_executable_hooks:15:in `<main>'
I, [2014-01-14T09:22:19.715989 #9908]  INFO -- : 0:  rake (10.1.1) from /home/jet/.rvm/gems/ruby-2.1.0@Rails_4.0.2/specifications/rake-10.1.1.gemspec
I, [2014-01-14T09:22:21.038810 #9908]  INFO -- : 0:  addressable (2.3.5) from /home/jet/.rvm/gems/ruby-2.1.0@Rails_4.0.2/specifications/addressable-2.3.5.gemspec
I, [2014-01-14T09:22:21.039976 #9908]  INFO -- : 0:  mime-types (2.0) from /home/jet/.rvm/gems/ruby-2.1.0@Rails_4.0.2/specifications/mime-types-2.0.gemspec
I, [2014-01-14T09:22:21.040938 #9908]  INFO -- : 0:  mini_portile (0.5.2) from /home/jet/.rvm/gems/ruby-2.1.0@Rails_4.0.2/specifications/mini_portile-0.5.2.gemspec
I, [2014-01-14T09:22:21.041924 #9908]  INFO -- : 0:  nokogiri (1.6.1) from /home/jet/.rvm/gems/ruby-2.1.0@Rails_4.0.2/specifications/nokogiri-1.6.1.gemspec
I, [2014-01-14T09:22:21.042944 #9908]  INFO -- : 0:  rack (1.5.2) from /home/jet/.rvm/gems/ruby-2.1.0@Rails_4.0.2/specifications/rack-1.5.2.gemspec
I, [2014-01-14T09:22:21.043908 #9908]  INFO -- : 0:  rack-test (0.6.2) from /home/jet/.rvm/gems/ruby-2.1.0@Rails_4.0.2/specifications/rack-test-0.6.2.gemspec
I, [2014-01-14T09:22:21.044922 #9908]  INFO -- : 0:  xpath (2.0.0) from /home/jet/.rvm/gems/ruby-2.1.0@Rails_4.0.2/specifications/xpath-2.0.0.gemspec
I, [2014-01-14T09:22:21.045902 #9908]  INFO -- : 0:  capybara (2.2.1) from /home/jet/.rvm/gems/ruby-2.1.0@Rails_4.0.2/specifications/capybara-2.2.1.gemspec
I, [2014-01-14T09:22:21.046937 #9908]  INFO -- : 0:  cliver (0.3.2) from /home/jet/.rvm/gems/ruby-2.1.0@Rails_4.0.2/specifications/cliver-0.3.2.gemspec
I, [2014-01-14T09:22:22.650650 #9908]  INFO -- : 0:  launchy (2.4.2) from /home/jet/.rvm/gems/ruby-2.1.0@Rails_4.0.2/specifications/launchy-2.4.2.gemspec
I, [2014-01-14T09:22:22.651038 #9908]  INFO -- : 0:  multi_json (1.8.4) from /home/jet/.rvm/gems/ruby-2.1.0@Rails_4.0.2/specifications/multi_json-1.8.4.gemspec
I, [2014-01-14T09:22:22.651356 #9908]  INFO -- : 0:  websocket-driver (0.3.2) from /home/jet/.rvm/gems/ruby-2.1.0@Rails_4.0.2/specifications/websocket-driver-0.3.2.gemspec
I, [2014-01-14T09:22:22.800070 #9908]  INFO -- : 0:  poltergeist (1.5.0) from /home/jet/.rvm/gems/ruby-2.1.0@Rails_4.0.2/bundler/gems/poltergeist-09c6570dea38/poltergeist.gemspec
I, [2014-01-14T09:22:22.801197 #9908]  INFO -- : 0:  bundler (1.5.0) from /home/jet/.rvm/gems/ruby-2.1.0@global/specifications/bundler-1.5.0.gemspec
I, [2014-01-14T09:54:25.840563 #11441]  INFO -- : 0:  rake (10.1.1) from /home/jet/.rvm/gems/ruby-2.1.0/specifications/rake-10.1.1.gemspec
I, [2014-01-14T09:54:25.840978 #11441]  INFO -- : 0:  addressable (2.3.5) from /home/jet/.rvm/gems/ruby-2.1.0/specifications/addressable-2.3.5.gemspec
I, [2014-01-14T09:54:25.841261 #11441]  INFO -- : 0:  mime-types (2.0) from /home/jet/.rvm/gems/ruby-2.1.0/specifications/mime-types-2.0.gemspec
I, [2014-01-14T09:54:25.841547 #11441]  INFO -- : 0:  mini_portile (0.5.2) from /home/jet/.rvm/gems/ruby-2.1.0/specifications/mini_portile-0.5.2.gemspec
I, [2014-01-14T09:56:07.171013 #11441]  INFO -- : 0:  nokogiri (1.6.1) from /home/jet/.rvm/gems/ruby-2.1.0/specifications/nokogiri-1.6.1.gemspec
I, [2014-01-14T09:56:08.679067 #11441]  INFO -- : 0:  rack (1.5.2) from /home/jet/.rvm/gems/ruby-2.1.0/specifications/rack-1.5.2.gemspec
I, [2014-01-14T09:56:10.194319 #11441]  INFO -- : 0:  rack-test (0.6.2) from /home/jet/.rvm/gems/ruby-2.1.0/specifications/rack-test-0.6.2.gemspec
I, [2014-01-14T09:56:10.758830 #11441]  INFO -- : 0:  xpath (2.0.0) from /home/jet/.rvm/gems/ruby-2.1.0/specifications/xpath-2.0.0.gemspec
I, [2014-01-14T09:56:11.788034 #11441]  INFO -- : 0:  capybara (2.2.1) from /home/jet/.rvm/gems/ruby-2.1.0/specifications/capybara-2.2.1.gemspec
I, [2014-01-14T09:56:12.727913 #11441]  INFO -- : 0:  cliver (0.3.2) from /home/jet/.rvm/gems/ruby-2.1.0/specifications/cliver-0.3.2.gemspec
I, [2014-01-14T09:56:13.725480 #11441]  INFO -- : 0:  launchy (2.4.2) from /home/jet/.rvm/gems/ruby-2.1.0/specifications/launchy-2.4.2.gemspec
I, [2014-01-14T09:56:14.502768 #11441]  INFO -- : 0:  multi_json (1.8.4) from /home/jet/.rvm/gems/ruby-2.1.0/specifications/multi_json-1.8.4.gemspec
I, [2014-01-14T09:56:15.513688 #11441]  INFO -- : 0:  websocket-driver (0.3.2) from /home/jet/.rvm/gems/ruby-2.1.0/specifications/websocket-driver-0.3.2.gemspec
I, [2014-01-14T09:56:16.156492 #11441]  INFO -- : 0:  poltergeist (1.5.0) from /home/jet/.rvm/gems/ruby-2.1.0/specifications/poltergeist-1.5.0.gemspec
I, [2014-01-14T09:56:16.156979 #11441]  INFO -- : 0:  bundler (1.5.0) from /home/jet/.rvm/gems/ruby-2.1.0@global/specifications/bundler-1.5.0.gemspec
I, [2014-01-14T12:07:38.162146 #26075]  INFO -- : 0:  rake (10.1.1) from /home/jet/.rvm/gems/ruby-2.1.0@Rails_4.0.2/specifications/rake-10.1.1.gemspec
I, [2014-01-14T12:07:38.162566 #26075]  INFO -- : 0:  addressable (2.3.5) from /home/jet/.rvm/gems/ruby-2.1.0@Rails_4.0.2/specifications/addressable-2.3.5.gemspec
I, [2014-01-14T12:07:38.162874 #26075]  INFO -- : 0:  mime-types (2.0) from /home/jet/.rvm/gems/ruby-2.1.0@Rails_4.0.2/specifications/mime-types-2.0.gemspec
I, [2014-01-14T12:07:38.163163 #26075]  INFO -- : 0:  mini_portile (0.5.2) from /home/jet/.rvm/gems/ruby-2.1.0@Rails_4.0.2/specifications/mini_portile-0.5.2.gemspec
I, [2014-01-14T12:07:38.163464 #26075]  INFO -- : 0:  nokogiri (1.6.1) from /home/jet/.rvm/gems/ruby-2.1.0@Rails_4.0.2/specifications/nokogiri-1.6.1.gemspec
I, [2014-01-14T12:07:38.163770 #26075]  INFO -- : 0:  rack (1.5.2) from /home/jet/.rvm/gems/ruby-2.1.0@Rails_4.0.2/specifications/rack-1.5.2.gemspec
I, [2014-01-14T12:07:38.164067 #26075]  INFO -- : 0:  rack-test (0.6.2) from /home/jet/.rvm/gems/ruby-2.1.0@Rails_4.0.2/specifications/rack-test-0.6.2.gemspec
I, [2014-01-14T12:07:38.164362 #26075]  INFO -- : 0:  xpath (2.0.0) from /home/jet/.rvm/gems/ruby-2.1.0@Rails_4.0.2/specifications/xpath-2.0.0.gemspec
I, [2014-01-14T12:07:38.164638 #26075]  INFO -- : 0:  capybara (2.2.1) from /home/jet/.rvm/gems/ruby-2.1.0@Rails_4.0.2/specifications/capybara-2.2.1.gemspec
I, [2014-01-14T12:07:38.164913 #26075]  INFO -- : 0:  cliver (0.3.2) from /home/jet/.rvm/gems/ruby-2.1.0@Rails_4.0.2/specifications/cliver-0.3.2.gemspec
I, [2014-01-14T12:07:38.165197 #26075]  INFO -- : 0:  launchy (2.4.2) from /home/jet/.rvm/gems/ruby-2.1.0@Rails_4.0.2/specifications/launchy-2.4.2.gemspec
I, [2014-01-14T12:07:38.165479 #26075]  INFO -- : 0:  multi_json (1.8.4) from /home/jet/.rvm/gems/ruby-2.1.0@Rails_4.0.2/specifications/multi_json-1.8.4.gemspec
I, [2014-01-14T12:07:38.165754 #26075]  INFO -- : 0:  websocket-driver (0.3.2) from /home/jet/.rvm/gems/ruby-2.1.0@Rails_4.0.2/specifications/websocket-driver-0.3.2.gemspec
I, [2014-01-14T12:07:39.965516 #26075]  INFO -- : 0:  poltergeist (1.5.0) from /home/jet/.rvm/gems/ruby-2.1.0@Rails_4.0.2/specifications/poltergeist-1.5.0.gemspec
I, [2014-01-14T12:07:39.965875 #26075]  INFO -- : 0:  bundler (1.5.0) from /home/jet/.rvm/gems/ruby-2.1.0@global/specifications/bundler-1.5.0.gemspec
